[Mon Jul 28 17:27:43 2025] ---| Starting |---
[Mon Jul 28 17:27:43 2025] Call display
[Mon Jul 28 17:27:44 2025] Action on buffer: [gj]
[Mon Jul 28 17:27:44 2025] Call display
[Mon Jul 28 17:27:44 2025] Action on buffer: [gj]
[Mon Jul 28 17:27:44 2025] Call display
[Mon Jul 28 17:27:44 2025] Action on buffer: [gj]
[Mon Jul 28 17:27:44 2025] Call display
[Mon Jul 28 17:27:44 2025] Action on buffer: [gj]
[Mon Jul 28 17:27:44 2025] Call display
[Mon Jul 28 17:27:44 2025] Action on buffer: [gj]
[Mon Jul 28 17:27:44 2025] Call display
[Mon Jul 28 17:27:45 2025] Action on buffer: [gj]
[Mon Jul 28 17:27:45 2025] Call display
[Mon Jul 28 17:27:45 2025] Action on buffer: [gj]
[Mon Jul 28 17:27:45 2025] Call display
[Mon Jul 28 17:27:45 2025] Action on buffer: [gj]
[Mon Jul 28 17:27:45 2025] Call display
[Mon Jul 28 17:27:45 2025] Action on buffer: [j]
[Mon Jul 28 17:27:45 2025] Call display
[Mon Jul 28 17:27:45 2025] [KB] Escape sequence: [2;1R
[Mon Jul 28 17:27:46 2025] Action on buffer: [j]
[Mon Jul 28 17:27:46 2025] Call display
[Mon Jul 28 17:27:46 2025] [KB] Escape sequence: [2;1R
[Mon Jul 28 17:27:46 2025] Action on buffer: [j]
[Mon Jul 28 17:27:46 2025] Call display
[Mon Jul 28 17:27:46 2025] [KB] Escape sequence: [2;1R
[Mon Jul 28 17:27:47 2025] Action on buffer: [q]
[Mon Jul 28 17:27:47 2025] ---| End without error |---
